<?xml version="1.0" encoding="UTF-8"?>
<!-- Generated by org.testng.reporters.JUnitXMLReporter -->
<testsuite ignored="1" hostname="MDALLAL" failures="0" tests="1" name="Default test" time="33.754" errors="0" timestamp="2025-04-19T11:02:05 GMT+03:00">
  <testcase classname="eng_lec16_4.eng_lec16_4.AppTest" name="FillingtheInputFields" time="2.328"/>
  <testcase classname="eng_lec16_4.eng_lec16_4.AppTest" name="ScrollTest" time="0.0">
    <ignored/>
  </testcase> <!-- ScrollTest -->
</testsuite> <!-- Default test -->
