<?xml version="1.0" encoding="UTF-8"?>
<testng-results ignored="1" total="2" passed="1" failed="0" skipped="0">
  <reporter-output>
  </reporter-output>
  <suite started-at="2025-04-19T11:01:32 GMT+03:00" name="Default suite" finished-at="2025-04-19T11:02:05 GMT+03:00" duration-ms="33754">
    <groups>
    </groups>
    <test started-at="2025-04-19T11:01:32 GMT+03:00" name="Default test" finished-at="2025-04-19T11:02:05 GMT+03:00" duration-ms="33754">
      <class name="eng_lec16_4.eng_lec16_4.AppTest">
        <test-method is-config="true" signature="MySetUp()[pri:0, instance:eng_lec16_4.eng_lec16_4.AppTest@3b0c9195]" started-at="2025-04-19T11:01:32 GMT+03:00" name="MySetUp" finished-at="2025-04-19T11:02:03 GMT+03:00" duration-ms="31245" status="PASS">
          <reporter-output>
          </reporter-output>
        </test-method> <!-- MySetUp -->
        <test-method signature="FillingtheInputFields()[pri:0, instance:eng_lec16_4.eng_lec16_4.AppTest@3b0c9195]" started-at="2025-04-19T11:02:03 GMT+03:00" name="FillingtheInputFields" finished-at="2025-04-19T11:02:05 GMT+03:00" duration-ms="2328" status="PASS">
          <reporter-output>
          </reporter-output>
        </test-method> <!-- FillingtheInputFields -->
      </class> <!-- eng_lec16_4.eng_lec16_4.AppTest -->
    </test> <!-- Default test -->
  </suite> <!-- Default suite -->
</testng-results>
